#
# A fatal error has been detected by the Java Runtime Environment:
#
#  EXCEPTION_ACCESS_VIOLATION (0xc0000005) at pc=0x00007ff9700af415, pid=9016, tid=22688
#
# JRE version: OpenJDK Runtime Environment (15.0+36) (build 15+36-1562)
# Java VM: OpenJDK 64-Bit Server VM (15+36-1562, mixed mode, tiered, compressed oops, g1 gc, windows-amd64)
# Problematic frame:
# V  [jvm.dll+0x2ff415]
#
# No core dump will be written. Minidumps are not enabled by default on client versions of Windows
#
# If you would like to submit a bug report, please visit:
#   https://bugreport.java.com/bugreport/crash.jsp
#

---------------  S U M M A R Y ------------

Command Line: -XX:+ShowCodeDetailsInExceptionMessages -agentlib:jdwp=transport=dt_socket,suspend=y,address=localhost:54701 -ea -javaagent:C:\Users\jourc\Desktop\All\Developpement\JAVA\OpenClassrooms\sts-4.8.1.RELEASE\configuration\org.eclipse.osgi\262\0\.cp\lib\javaagent-shaded.jar -Dfile.encoding=UTF-8 org.eclipse.jdt.internal.junit.runner.RemoteTestRunner -version 3 -port 54700 -testLoaderClass org.eclipse.jdt.internal.junit5.runner.JUnit5TestLoader -loaderpluginname org.eclipse.jdt.junit5.runtime -classNames com.cjour.SafetyNetAlert.service.PersonServiceTest

Host: Intel(R) Core(TM) i7-8700 CPU @ 3.20GHz, 12 cores, 15G,  Windows 10 , 64 bit Build 19041 (10.0.19041.662)
Time: Mon Jan 25 16:14:40 2021 Paris, Madrid elapsed time: 644.666748 seconds (0d 0h 10m 44s)

---------------  T H R E A D  ---------------

Current thread (0x000001ce3f553a10):  JavaThread "JDWP Transport Listener: dt_socket" daemon [_thread_in_vm, id=22688, stack(0x0000006b93200000,0x0000006b93300000)] _threads_hazard_ptr=0x000001ce40a8a260

Stack: [0x0000006b93200000,0x0000006b93300000],  sp=0x0000006b932feaf0,  free space=1018k
Native frames: (J=compiled Java code, j=interpreted, Vv=VM code, C=native code)
V  [jvm.dll+0x2ff415]
V  [jvm.dll+0x301932]
V  [jvm.dll+0x30203e]
V  [jvm.dll+0x2ff6ef]
V  [jvm.dll+0x2fe99a]
V  [jvm.dll+0x618d40]
V  [jvm.dll+0x618a23]
V  [jvm.dll+0x5de258]
V  [jvm.dll+0x7773df]
V  [jvm.dll+0x4ef581]
V  [jvm.dll+0x786e85]
V  [jvm.dll+0x4d33da]
V  [jvm.dll+0x49455b]
C  [jdwp.dll+0x796b]


siginfo: EXCEPTION_ACCESS_VIOLATION (0xc0000005), reading address 0x0000000000000006


Register to memory mapping:

RIP=0x00007ff9700af415 jvm.dll
RAX=0x0 is NULL
RBX=0x0000006b932fed90 is pointing into the stack for thread: 0x000001ce3f553a10
RCX=0x0 is NULL
RDX=0x0000000000003e8e is an unknown value
RSP=0x0000006b932feaf0 is pointing into the stack for thread: 0x000001ce3f553a10
RBP=0x0000000000000001 is an unknown value
RSI=0x0000000000000001 is an unknown value
RDI=0x000001ce4037c270 is pointing into metadata
R8 =0x0 is NULL
R9 =0x000001ce4037c270 is pointing into metadata
R10=0x000001ce3f36bb60 points into unknown readable memory: 0x8fffffff47000000 | 00 00 00 47 ff ff ff 8f
R11=0x000001ce3f36bb30 points into unknown readable memory: 0x8fffffff47000000 | 00 00 00 47 ff ff ff 8f
R12=0x00007ff96fdb0000 jvm.dll
R13=0x000001ce3f36ba60 points into unknown readable memory: 0x0000000000e10900 | 00 09 e1 00 00 00 00 00
R14=0x0 is NULL
R15=0x000000000000000d is an unknown value


Registers:
RAX=0x0000000000000000, RBX=0x0000006b932fed90, RCX=0x0000000000000000, RDX=0x0000000000003e8e
RSP=0x0000006b932feaf0, RBP=0x0000000000000001, RSI=0x0000000000000001, RDI=0x000001ce4037c270
R8 =0x0000000000000000, R9 =0x000001ce4037c270, R10=0x000001ce3f36bb60, R11=0x000001ce3f36bb30
R12=0x00007ff96fdb0000, R13=0x000001ce3f36ba60, R14=0x0000000000000000, R15=0x000000000000000d
RIP=0x00007ff9700af415, EFLAGS=0x0000000000010206

Top of Stack: (sp=0x0000006b932feaf0)
0x0000006b932feaf0:   0000006b932feb60 00007ff96feb974e
0x0000006b932feb00:   0000006b932feb60 00007ff96feb1a6e
0x0000006b932feb10:   000001ce4037ca28 0000000000000000
0x0000006b932feb20:   0000006b932fed90 00007ff9700b0103
0x0000006b932feb30:   00006d2871fb2a8d 00007ff9700b2b8c
0x0000006b932feb40:   0000000000000000 0000000000000000
0x0000006b932feb50:   0000006b932fed90 00007ff9700b1932
0x0000006b932feb60:   000001ce4037ca28 0000006b932fec00
0x0000006b932feb70:   0000000000000001 00007ff96feb974e
0x0000006b932feb80:   0000006b00000000 0000000000000000
0x0000006b932feb90:   00000000000003d8 0000006b932fec00
0x0000006b932feba0:   0000000000000000 00007ff96fdbc1a6
0x0000006b932febb0:   000001ce4037ca28 0000006b932fed90
0x0000006b932febc0:   000000000000000d 0000000000000000
0x0000006b932febd0:   0000006b932fed90 00007ff9700b203e
0x0000006b932febe0:   0000006b932fec30 0000000000000000 

Instructions: (pc=0x00007ff9700af415)
0x00007ff9700af315:   42 8b 1c 81 4e 8d 34 81 8b 75 58 41 81 e0 ff ff
0x00007ff9700af325:   ff 00 41 81 c8 00 00 00 47 48 8b cd 45 89 06 c7
0x00007ff9700af335:   45 58 01 00 00 00 e8 80 38 00 00 66 83 7c 24 68
0x00007ff9700af345:   00 41 89 1e 89 75 58 74 40 8b 4c 24 70 49 ff c7
0x00007ff9700af355:   0f b7 c1 48 83 c7 08 4c 3b f8 0f 8c 4b ff ff ff
0x00007ff9700af365:   83 7d 5c 00 74 23 48 83 3d dd 1a 78 00 00 74 15
0x00007ff9700af375:   80 7d 42 00 74 0f 48 8d 15 26 db 58 00 48 8b cd
0x00007ff9700af385:   e8 a6 42 00 00 c6 45 42 00 4c 8b 74 24 28 4c 8b
0x00007ff9700af395:   6c 24 30 4c 8b 64 24 38 48 8b 7c 24 40 48 8b 74
0x00007ff9700af3a5:   24 48 48 8b 5c 24 60 4c 8b 7c 24 20 48 83 c4 50
0x00007ff9700af3b5:   5d c3 cc cc cc cc cc cc cc cc cc 48 89 5c 24 10
0x00007ff9700af3c5:   48 89 6c 24 18 56 57 41 56 48 83 ec 50 48 8b 05
0x00007ff9700af3d5:   ff e9 72 00 48 33 c4 48 89 44 24 40 48 8b 41 08
0x00007ff9700af3e5:   48 8b d9 41 8b e8 8b f2 45 33 c0 41 8b d1 48 8b
0x00007ff9700af3f5:   48 08 48 8b 79 08 48 8b cf e8 ad eb f0 ff 8b d0
0x00007ff9700af405:   48 8b cf e8 63 16 f1 ff 48 63 c8 48 8b 44 cf 48
0x00007ff9700af415:   0f be 48 06 e8 b2 72 3a 00 8b 0d 20 19 78 00 48
0x00007ff9700af425:   8d 3d 1d 19 78 00 8d 50 f4 83 fa 01 76 27 8d 50
0x00007ff9700af435:   f9 f7 c2 fb ff ff ff 74 13 83 f8 0e 48 8d 15 10
0x00007ff9700af445:   19 78 00 4c 8b d7 4c 0f 45 d2 eb 27 4c 8d 15 30
0x00007ff9700af455:   19 78 00 eb 1e 8b 84 24 90 00 00 00 4c 8d 54 24
0x00007ff9700af465:   30 25 ff ff ff 00 89 4c 24 34 0d 00 00 00 46 89
0x00007ff9700af475:   44 24 30 45 33 c0 85 f6 74 05 49 8b fa eb 29 41
0x00007ff9700af485:   8b 02 85 c0 74 22 49 8b d0 4d 8b c8 42 89 44 0c
0x00007ff9700af495:   20 48 8d 52 01 4c 8d 0c 95 00 00 00 00 41 ff c0
0x00007ff9700af4a5:   43 8b 04 11 85 c0 75 e4 85 ed 75 10 8b 05 1d b5
0x00007ff9700af4b5:   6f 00 49 63 d0 41 ff c0 89 44 94 20 49 63 c0 4c
0x00007ff9700af4c5:   8d 74 24 20 89 4c 84 20 8b 74 24 20 85 f6 74 4c
0x00007ff9700af4d5:   48 63 53 58 85 d2 7f 18 48 8d 15 4c f0 54 00 48
0x00007ff9700af4e5:   8b cb e8 14 48 00 00 44 8b 05 5d 18 78 00 eb 16
0x00007ff9700af4f5:   48 63 4b 20 8d 42 ff 89 43 58 48 03 ca 48 8b 43
0x00007ff9700af505:   48 44 8b 44 88 fc 8b d6 48 8b cb e8 5b f0 ff ff 


Stack slot to memory mapping:
stack at sp + 0 slots: 0x0000006b932feb60 is pointing into the stack for thread: 0x000001ce3f553a10
stack at sp + 1 slots: 0x00007ff96feb974e jvm.dll
stack at sp + 2 slots: 0x0000006b932feb60 is pointing into the stack for thread: 0x000001ce3f553a10
stack at sp + 3 slots: 0x00007ff96feb1a6e jvm.dll
stack at sp + 4 slots: {method} {0x000001ce4037ca30} 'getChildTest' '()V' in 'com/cjour/SafetyNetAlert/service/PersonServiceTest'
stack at sp + 5 slots: 0x0 is NULL
stack at sp + 6 slots: 0x0000006b932fed90 is pointing into the stack for thread: 0x000001ce3f553a10
stack at sp + 7 slots: 0x00007ff9700b0103 jvm.dll


---------------  P R O C E S S  ---------------

Threads class SMR info:
_java_thread_list=0x000001ce40a8a260, length=15, elements={
0x000001ce1f5fcf30, 0x000001ce3f26a020, 0x000001ce3f26a8e0, 0x000001ce3f2902c0,
0x000001ce3f280020, 0x000001ce3f2804f0, 0x000001ce3f285de0, 0x000001ce3f2a3d90,
0x000001ce3f2a4690, 0x000001ce3f394d50, 0x000001ce3f553a10, 0x000001ce3f554c90,
0x000001ce3f555370, 0x000001ce3f7b3920, 0x000001ce4092ab10
}

Java Threads: ( => current thread )
  0x000001ce1f5fcf30 JavaThread "main" [_thread_blocked, id=23000, stack(0x0000006b92200000,0x0000006b92300000)]
  0x000001ce3f26a020 JavaThread "Reference Handler" daemon [_thread_blocked, id=17060, stack(0x0000006b92900000,0x0000006b92a00000)]
  0x000001ce3f26a8e0 JavaThread "Finalizer" daemon [_thread_blocked, id=11260, stack(0x0000006b92a00000,0x0000006b92b00000)]
  0x000001ce3f2902c0 JavaThread "Signal Dispatcher" daemon [_thread_blocked, id=21156, stack(0x0000006b92b00000,0x0000006b92c00000)]
  0x000001ce3f280020 JavaThread "Attach Listener" daemon [_thread_blocked, id=9320, stack(0x0000006b92c00000,0x0000006b92d00000)]
  0x000001ce3f2804f0 JavaThread "Service Thread" daemon [_thread_blocked, id=20472, stack(0x0000006b92d00000,0x0000006b92e00000)]
  0x000001ce3f285de0 JavaThread "C2 CompilerThread0" daemon [_thread_blocked, id=11916, stack(0x0000006b92e00000,0x0000006b92f00000)]
  0x000001ce3f2a3d90 JavaThread "C1 CompilerThread0" daemon [_thread_blocked, id=2632, stack(0x0000006b92f00000,0x0000006b93000000)]
  0x000001ce3f2a4690 JavaThread "Sweeper thread" daemon [_thread_blocked, id=14632, stack(0x0000006b93000000,0x0000006b93100000)]
  0x000001ce3f394d50 JavaThread "Common-Cleaner" daemon [_thread_blocked, id=22956, stack(0x0000006b93100000,0x0000006b93200000)]
=>0x000001ce3f553a10 JavaThread "JDWP Transport Listener: dt_socket" daemon [_thread_in_vm, id=22688, stack(0x0000006b93200000,0x0000006b93300000)]
  0x000001ce3f554c90 JavaThread "JDWP Event Helper Thread" daemon [_thread_blocked, id=11504, stack(0x0000006b93300000,0x0000006b93400000)]
  0x000001ce3f555370 JavaThread "JDWP Command Reader" daemon [_thread_in_native, id=14076, stack(0x0000006b93400000,0x0000006b93500000)]
  0x000001ce3f7b3920 JavaThread "Notification Thread" daemon [_thread_blocked, id=20888, stack(0x0000006b93600000,0x0000006b93700000)]
  0x000001ce4092ab10 JavaThread "ReaderThread" [_thread_in_native, id=4708, stack(0x0000006b93900000,0x0000006b93a00000)]

Other Threads:
  0x000001ce3e9a9060 VMThread "VM Thread" [stack: 0x0000006b92800000,0x0000006b92900000] [id=3752]
  0x000001ce3f703220 WatcherThread [stack: 0x0000006b93700000,0x0000006b93800000] [id=5216]
  0x000001ce1f64f9f0 GCTaskThread "GC Thread#0" [stack: 0x0000006b92300000,0x0000006b92400000] [id=9836]
  0x000001ce3f4e9830 GCTaskThread "GC Thread#1" [stack: 0x0000006b93a00000,0x0000006b93b00000] [id=10828]
  0x000001ce3f4eb1b0 GCTaskThread "GC Thread#2" [stack: 0x0000006b93b00000,0x0000006b93c00000] [id=20340]
  0x000001ce3f4eab50 GCTaskThread "GC Thread#3" [stack: 0x0000006b93c00000,0x0000006b93d00000] [id=13536]
  0x000001ce3f4eb810 GCTaskThread "GC Thread#4" [stack: 0x0000006b93d00000,0x0000006b93e00000] [id=21048]
  0x000001ce406f6350 GCTaskThread "GC Thread#5" [stack: 0x0000006b93e00000,0x0000006b93f00000] [id=19112]
  0x000001ce1f6612f0 ConcurrentGCThread "G1 Main Marker" [stack: 0x0000006b92400000,0x0000006b92500000] [id=3328]
  0x000001ce1f661e70 ConcurrentGCThread "G1 Conc#0" [stack: 0x0000006b92500000,0x0000006b92600000] [id=2096]
  0x000001ce406f5030 ConcurrentGCThread "G1 Conc#1" [stack: 0x0000006b93f00000,0x0000006b94000000] [id=4424]
  0x000001ce406f5360 ConcurrentGCThread "G1 Conc#2" [stack: 0x0000006b94000000,0x0000006b94100000] [id=19892]
  0x000001ce3e8561a0 ConcurrentGCThread "G1 Refine#0" [stack: 0x0000006b92600000,0x0000006b92700000] [id=13300]
  0x000001ce3e856bb0 ConcurrentGCThread "G1 Young RemSet Sampling" [stack: 0x0000006b92700000,0x0000006b92800000] [id=1464]

Threads with active compile tasks:

VM state: not at safepoint (normal execution)

VM Mutex/Monitor currently owned by a thread: None

Heap address: 0x0000000700800000, size: 4088 MB, Compressed Oops mode: Zero based, Oop shift amount: 3
CDS disabled.
Compressed class space mapped at: 0x0000000800000000-0x0000000840000000, size: 1073741824
Narrow klass base: 0x0000000800000000, Narrow klass shift: 0, Narrow klass range: 0x40000000

GC Precious Log:
 CPUs: 12 total, 12 available
 Memory: 16344M
 Large Page Support: Disabled
 NUMA Support: Disabled
 Compressed Oops: Enabled (Zero based)
 Heap Region Size: 2M
 Heap Min Capacity: 8M
 Heap Initial Capacity: 256M
 Heap Max Capacity: 4088M
 Pre-touch: Disabled
 Parallel Workers: 10
 Concurrent Workers: 3
 Concurrent Refinement Workers: 10
 Periodic GC: Disabled

Heap:
 garbage-first heap   total 40960K, used 9982K [0x0000000700800000, 0x0000000800000000)
  region size 2048K, 4 young (8192K), 2 survivors (4096K)
 Metaspace       used 25319K, capacity 25619K, committed 25904K, reserved 1073152K
  class space    used 2551K, capacity 2652K, committed 2688K, reserved 1048576K

Heap Regions: E=young(eden), S=young(survivor), O=old, HS=humongous(starts), HC=humongous(continues), CS=collection set, F=free, OA=open archive, CA=closed archive, TAMS=top-at-mark-start (previous, next)
|   0|0x0000000700800000, 0x0000000700a00000, 0x0000000700a00000|100%| O|  |TAMS 0x0000000700a00000, 0x0000000700800000| Untracked 
|   1|0x0000000700a00000, 0x0000000700c00000, 0x0000000700c00000|100%| O|  |TAMS 0x0000000700c00000, 0x0000000700a00000| Untracked 
|   2|0x0000000700c00000, 0x0000000700dc4e00, 0x0000000700e00000| 88%| O|  |TAMS 0x0000000700dc4e00, 0x0000000700c00000| Untracked 
|   3|0x0000000700e00000, 0x0000000700eb4200, 0x0000000701000000| 35%| O|  |TAMS 0x0000000700e00000, 0x0000000700e00000| Untracked 
|   4|0x0000000701000000, 0x0000000701000000, 0x0000000701200000|  0%| F|  |TAMS 0x0000000701000000, 0x0000000701000000| Untracked 
|   5|0x0000000701200000, 0x0000000701200000, 0x0000000701400000|  0%| F|  |TAMS 0x0000000701200000, 0x0000000701200000| Untracked 
|   6|0x0000000701400000, 0x0000000701546968, 0x0000000701600000| 63%| S|CS|TAMS 0x0000000701400000, 0x0000000701400000| Complete 
|   7|0x0000000701600000, 0x0000000701800000, 0x0000000701800000|100%| S|CS|TAMS 0x0000000701600000, 0x0000000701600000| Complete 
|   8|0x0000000701800000, 0x0000000701800000, 0x0000000701a00000|  0%| F|  |TAMS 0x0000000701800000, 0x0000000701800000| Untracked 
|   9|0x0000000701a00000, 0x0000000701a00000, 0x0000000701c00000|  0%| F|  |TAMS 0x0000000701a00000, 0x0000000701a00000| Untracked 
|  10|0x0000000701c00000, 0x0000000701c00000, 0x0000000701e00000|  0%| F|  |TAMS 0x0000000701c00000, 0x0000000701c00000| Untracked 
|  11|0x0000000701e00000, 0x0000000701e00000, 0x0000000702000000|  0%| F|  |TAMS 0x0000000701e00000, 0x0000000701e00000| Untracked 
|  12|0x0000000702000000, 0x0000000702000000, 0x0000000702200000|  0%| F|  |TAMS 0x0000000702000000, 0x0000000702000000| Untracked 
|  13|0x0000000702200000, 0x0000000702200000, 0x0000000702400000|  0%| F|  |TAMS 0x0000000702200000, 0x0000000702200000| Untracked 
|  14|0x0000000702400000, 0x0000000702400000, 0x0000000702600000|  0%| F|  |TAMS 0x0000000702400000, 0x0000000702400000| Untracked 
|  15|0x0000000702600000, 0x0000000702600000, 0x0000000702800000|  0%| F|  |TAMS 0x0000000702600000, 0x0000000702600000| Untracked 
|  16|0x0000000702800000, 0x0000000702800000, 0x0000000702a00000|  0%| F|  |TAMS 0x0000000702800000, 0x0000000702800000| Untracked 
| 107|0x000000070de00000, 0x000000070de00000, 0x000000070e000000|  0%| F|  |TAMS 0x000000070de00000, 0x000000070de00000| Untracked 
| 108|0x000000070e000000, 0x000000070e0a83d8, 0x000000070e200000| 32%| E|  |TAMS 0x000000070e000000, 0x000000070e000000| Complete 
| 127|0x0000000710600000, 0x0000000710800000, 0x0000000710800000|100%| E|  |TAMS 0x0000000710600000, 0x0000000710600000| Complete 

Card table byte_map: [0x000001ce32d50000,0x000001ce33550000] _byte_map_base: 0x000001ce2f54c000

Marking Bits (Prev, Next): (CMBitMap*) 0x000001ce1f6501b0, (CMBitMap*) 0x000001ce1f650170
 Prev Bits: [0x000001ce37d30000, 0x000001ce3bd10000)
 Next Bits: [0x000001ce33d50000, 0x000001ce37d30000)

Polling page: 0x000001ce1d550000

Metaspace:

Usage:
  Non-class:     22.43 MB capacity,    22.23 MB (>99%) used,   171.70 KB ( <1%) free+waste,    27.31 KB ( <1%) overhead. 
      Class:      2.59 MB capacity,     2.49 MB ( 96%) used,    90.80 KB (  3%) free+waste,     9.31 KB ( <1%) overhead. 
       Both:     25.02 MB capacity,    24.73 MB ( 99%) used,   262.50 KB (  1%) free+waste,    36.62 KB ( <1%) overhead. 

Virtual space:
  Non-class space:       24.00 MB reserved,      22.67 MB ( 94%) committed 
      Class space:        1.00 GB reserved,       2.62 MB ( <1%) committed 
             Both:        1.02 GB reserved,      25.30 MB (  2%) committed 

Chunk freelists:
   Non-Class:  57.00 KB
       Class:  4.00 KB
        Both:  61.00 KB

MaxMetaspaceSize: 17179869184.00 GB
CompressedClassSpaceSize: 1.00 GB

CodeHeap 'non-profiled nmethods': size=120000Kb used=1442Kb max_used=1442Kb free=118558Kb
 bounds [0x000001ce2aad0000, 0x000001ce2ad40000, 0x000001ce32000000]
CodeHeap 'profiled nmethods': size=120000Kb used=4420Kb max_used=4420Kb free=115579Kb
 bounds [0x000001ce235a0000, 0x000001ce23a00000, 0x000001ce2aad0000]
CodeHeap 'non-nmethods': size=5760Kb used=1319Kb max_used=1447Kb free=4440Kb
 bounds [0x000001ce23000000, 0x000001ce23270000, 0x000001ce235a0000]
 total_blobs=2680 nmethods=2176 adapters=416
 compilation: enabled
              stopped_count=0, restarted_count=0
 full_count=0

Compilation events (20 events):
Event: 5.032 Thread 0x000001ce3f285de0 2181       4       java.util.StringTokenizer::scanToken (179 bytes)
Event: 5.033 Thread 0x000001ce3f2a3d90 2182       3       jdk.internal.org.objectweb.asm.FieldWriter::computeFieldInfoSize (86 bytes)
Event: 5.033 Thread 0x000001ce3f2a3d90 nmethod 2182 0x000001ce239ecb10 code [0x000001ce239ecce0, 0x000001ce239ecfb8]
Event: 5.033 Thread 0x000001ce3f2a3d90 2183       3       java.util.HashMap::isEmpty (13 bytes)
Event: 5.033 Thread 0x000001ce3f2a3d90 nmethod 2183 0x000001ce239ed110 code [0x000001ce239ed2a0, 0x000001ce239ed3f8]
Event: 5.036 Thread 0x000001ce3f2a3d90 2184       1       java.util.concurrent.ConcurrentHashMap$MapEntry::getValue (5 bytes)
Event: 5.036 Thread 0x000001ce3f2a3d90 nmethod 2184 0x000001ce2ac36910 code [0x000001ce2ac36aa0, 0x000001ce2ac36b58]
Event: 5.036 Thread 0x000001ce3f285de0 nmethod 2181 0x000001ce2ac36c10 code [0x000001ce2ac36dc0, 0x000001ce2ac37348]
Event: 5.037 Thread 0x000001ce3f285de0 2185       4       java.lang.StringBuilder::append (8 bytes)
Event: 5.037 Thread 0x000001ce3f2a3d90 2186       1       java.util.concurrent.ConcurrentHashMap$MapEntry::getKey (5 bytes)
Event: 5.037 Thread 0x000001ce3f2a3d90 nmethod 2186 0x000001ce2ac37710 code [0x000001ce2ac378a0, 0x000001ce2ac37958]
Event: 5.038 Thread 0x000001ce3f2a3d90 2187       3       java.util.Properties::saveConvert (434 bytes)
Event: 5.039 Thread 0x000001ce3f2a3d90 nmethod 2187 0x000001ce239ed490 code [0x000001ce239ed940, 0x000001ce239ef9c8]
Event: 5.039 Thread 0x000001ce3f2a3d90 2188       3       java.util.concurrent.ConcurrentHashMap$EntryIterator::next (5 bytes)
Event: 5.039 Thread 0x000001ce3f2a3d90 nmethod 2188 0x000001ce239f0590 code [0x000001ce239f0740, 0x000001ce239f0868]
Event: 5.039 Thread 0x000001ce3f2a3d90 2189       3       java.util.concurrent.ConcurrentHashMap$EntryIterator::next (51 bytes)
Event: 5.039 Thread 0x000001ce3f2a3d90 nmethod 2189 0x000001ce239f0910 code [0x000001ce239f0b00, 0x000001ce239f1038]
Event: 5.040 Thread 0x000001ce3f285de0 nmethod 2185 0x000001ce2ac37a10 code [0x000001ce2ac37bc0, 0x000001ce2ac381b8]
Event: 11.496 Thread 0x000001ce3f2a3d90 2190       1       java.util.concurrent.locks.AbstractOwnableSynchronizer::getExclusiveOwnerThread (5 bytes)
Event: 11.497 Thread 0x000001ce3f2a3d90 nmethod 2190 0x000001ce2ac38510 code [0x000001ce2ac386a0, 0x000001ce2ac38758]

GC Heap History (8 events):
Event: 0.505 GC heap before
{Heap before GC invocations=0 (full 0):
 garbage-first heap   total 262144K, used 20480K [0x0000000700800000, 0x0000000800000000)
  region size 2048K, 11 young (22528K), 0 survivors (0K)
 Metaspace       used 12406K, capacity 12547K, committed 12672K, reserved 1060864K
  class space    used 1105K, capacity 1152K, committed 1152K, reserved 1048576K
}
Event: 0.508 GC heap after
{Heap after GC invocations=1 (full 0):
 garbage-first heap   total 262144K, used 5988K [0x0000000700800000, 0x0000000800000000)
  region size 2048K, 2 young (4096K), 2 survivors (4096K)
 Metaspace       used 12406K, capacity 12547K, committed 12672K, reserved 1060864K
  class space    used 1105K, capacity 1152K, committed 1152K, reserved 1048576K
}
Event: 0.701 GC heap before
{Heap before GC invocations=1 (full 0):
 garbage-first heap   total 262144K, used 32612K [0x0000000700800000, 0x0000000800000000)
  region size 2048K, 15 young (30720K), 2 survivors (4096K)
 Metaspace       used 15485K, capacity 15706K, committed 16000K, reserved 1062912K
  class space    used 1484K, capacity 1561K, committed 1664K, reserved 1048576K
}
Event: 0.704 GC heap after
{Heap after GC invocations=2 (full 0):
 garbage-first heap   total 262144K, used 6776K [0x0000000700800000, 0x0000000800000000)
  region size 2048K, 1 young (2048K), 1 survivors (2048K)
 Metaspace       used 15485K, capacity 15706K, committed 16000K, reserved 1062912K
  class space    used 1484K, capacity 1561K, committed 1664K, reserved 1048576K
}
Event: 1.092 GC heap before
{Heap before GC invocations=2 (full 0):
 garbage-first heap   total 262144K, used 41592K [0x0000000700800000, 0x0000000800000000)
  region size 2048K, 19 young (38912K), 1 survivors (2048K)
 Metaspace       used 20949K, capacity 21136K, committed 21296K, reserved 1069056K
  class space    used 2041K, capacity 2090K, committed 2176K, reserved 1048576K
}
Event: 1.094 GC heap after
{Heap after GC invocations=3 (full 0):
 garbage-first heap   total 262144K, used 8544K [0x0000000700800000, 0x0000000800000000)
  region size 2048K, 2 young (4096K), 2 survivors (4096K)
 Metaspace       used 20949K, capacity 21136K, committed 21296K, reserved 1069056K
  class space    used 2041K, capacity 2090K, committed 2176K, reserved 1048576K
}
Event: 1.768 GC heap before
{Heap before GC invocations=4 (full 0):
 garbage-first heap   total 40960K, used 29024K [0x0000000700800000, 0x0000000800000000)
  region size 2048K, 12 young (24576K), 2 survivors (4096K)
 Metaspace       used 24776K, capacity 25037K, committed 25392K, reserved 1073152K
  class space    used 2494K, capacity 2586K, committed 2688K, reserved 1048576K
}
Event: 1.771 GC heap after
{Heap after GC invocations=5 (full 0):
 garbage-first heap   total 40960K, used 9982K [0x0000000700800000, 0x0000000800000000)
  region size 2048K, 2 young (4096K), 2 survivors (4096K)
 Metaspace       used 24776K, capacity 25037K, committed 25392K, reserved 1073152K
  class space    used 2494K, capacity 2586K, committed 2688K, reserved 1048576K
}

Deoptimization events (20 events):
Event: 1.486 Thread 0x000001ce1f5fcf30 DEOPT PACKING pc=0x000001ce2ab4a3b4 sp=0x0000006b922fac90
Event: 1.486 Thread 0x000001ce1f5fcf30 DEOPT UNPACKING pc=0x000001ce2304e42f sp=0x0000006b922fac38 mode 2
Event: 1.489 Thread 0x000001ce1f5fcf30 Uncommon trap: trap_request=0xffffff45 fr.pc=0x000001ce2ab434ac relative=0x000000000000030c
Event: 1.489 Thread 0x000001ce1f5fcf30 Uncommon trap: reason=unstable_if action=reinterpret pc=0x000001ce2ab434ac method=java.util.concurrent.ConcurrentHashMap.get(Ljava/lang/Object;)Ljava/lang/Object; @ 76 c2
Event: 1.489 Thread 0x000001ce1f5fcf30 DEOPT PACKING pc=0x000001ce2ab434ac sp=0x0000006b922fb9c0
Event: 1.489 Thread 0x000001ce1f5fcf30 DEOPT UNPACKING pc=0x000001ce2304e42f sp=0x0000006b922fb958 mode 2
Event: 1.492 Thread 0x000001ce1f5fcf30 DEOPT PACKING pc=0x000001ce238a9643 sp=0x0000006b922f8dc0
Event: 1.492 Thread 0x000001ce1f5fcf30 DEOPT UNPACKING pc=0x000001ce2304e23f sp=0x0000006b922f82e8 mode 0
Event: 1.500 Thread 0x000001ce1f5fcf30 DEOPT PACKING pc=0x000001ce238a97df sp=0x0000006b922f88a0
Event: 1.500 Thread 0x000001ce1f5fcf30 DEOPT UNPACKING pc=0x000001ce2304e23f sp=0x0000006b922f7dc8 mode 0
Event: 1.507 Thread 0x000001ce1f5fcf30 DEOPT PACKING pc=0x000001ce238a97df sp=0x0000006b922f8740
Event: 1.507 Thread 0x000001ce1f5fcf30 DEOPT UNPACKING pc=0x000001ce2304e23f sp=0x0000006b922f7c68 mode 0
Event: 1.514 Thread 0x000001ce1f5fcf30 DEOPT PACKING pc=0x000001ce238a9643 sp=0x0000006b922f8690
Event: 1.514 Thread 0x000001ce1f5fcf30 DEOPT UNPACKING pc=0x000001ce2304e23f sp=0x0000006b922f7bb8 mode 0
Event: 1.618 Thread 0x000001ce1f5fcf30 DEOPT PACKING pc=0x000001ce2398efcc sp=0x0000006b922fae30
Event: 1.618 Thread 0x000001ce1f5fcf30 DEOPT UNPACKING pc=0x000001ce2304e23f sp=0x0000006b922fa270 mode 0
Event: 1.765 Thread 0x000001ce1f5fcf30 Uncommon trap: trap_request=0xffffff45 fr.pc=0x000001ce2ab8a8a8 relative=0x0000000000000408
Event: 1.765 Thread 0x000001ce1f5fcf30 Uncommon trap: reason=unstable_if action=reinterpret pc=0x000001ce2ab8a8a8 method=java.util.HashMap$HashIterator.<init>(Ljava/util/HashMap;)V @ 45 c2
Event: 1.765 Thread 0x000001ce1f5fcf30 DEOPT PACKING pc=0x000001ce2ab8a8a8 sp=0x0000006b922fbdb0
Event: 1.765 Thread 0x000001ce1f5fcf30 DEOPT UNPACKING pc=0x000001ce2304e42f sp=0x0000006b922fbd78 mode 2

Classes unloaded (0 events):
No events

Classes redefined (4 events):
Event: 35.931 Thread 0x000001ce3e9a9060 redefined class name=com.cjour.SafetyNetAlert.service.PersonServiceTest, count=1
Event: 40.699 Thread 0x000001ce3e9a9060 redefined class name=com.cjour.SafetyNetAlert.service.PersonServiceTest, count=2
Event: 627.304 Thread 0x000001ce3e9a9060 redefined class name=com.cjour.SafetyNetAlert.service.PersonServiceTest, count=3
Event: 635.403 Thread 0x000001ce3e9a9060 redefined class name=com.cjour.SafetyNetAlert.service.PersonServiceTest, count=4

Internal exceptions (20 events):
Event: 0.576 Thread 0x000001ce1f5fcf30 Exception <a 'java/lang/NoSuchMethodError'{0x00000007100db640}: 'java.lang.Object java.lang.invoke.DirectMethodHandle$Holder.invokeVirtual(java.lang.Object, java.lang.Object, java.lang.Object)'> (0x00000007100db640) 
thrown [./open/src/hotspot/share/interpreter/linkResolver.cpp, line 782]
Event: 0.580 Thread 0x000001ce1f5fcf30 Exception <a 'java/lang/NoSuchMethodError'{0x000000071015ebe0}: 'void java.lang.invoke.DirectMethodHandle$Holder.invokeInterface(java.lang.Object, java.lang.Object, java.lang.Object, java.lang.Object)'> (0x000000071015ebe0) 
thrown [./open/src/hotspot/share/interpreter/linkResolver.cpp, line 782]
Event: 0.580 Thread 0x000001ce1f5fcf30 Exception <a 'java/lang/IncompatibleClassChangeError'{0x0000000710162708}: Found class java.lang.Object, but interface was expected> (0x0000000710162708) 
thrown [./open/src/hotspot/share/interpreter/linkResolver.cpp, line 848]
Event: 0.582 Thread 0x000001ce1f5fcf30 Exception <a 'java/lang/NoSuchMethodError'{0x000000071018ab58}: 'void java.lang.invoke.DirectMethodHandle$Holder.invokeStatic(java.lang.Object, java.lang.Object, java.lang.Object, java.lang.Object)'> (0x000000071018ab58) 
thrown [./open/src/hotspot/share/interpreter/linkResolver.cpp, line 782]
Event: 0.591 Thread 0x000001ce1f5fcf30 Exception <a 'java/lang/NoSuchMethodError'{0x000000070fe7abe0}: 'int java.lang.invoke.DirectMethodHandle$Holder.invokeStatic(java.lang.Object, java.lang.Object, java.lang.Object, java.lang.Object)'> (0x000000070fe7abe0) 
thrown [./open/src/hotspot/share/interpreter/linkResolver.cpp, line 782]
Event: 0.591 Thread 0x000001ce1f5fcf30 Exception <a 'java/lang/NoSuchMethodError'{0x000000070fe7e738}: 'java.lang.Object java.lang.invoke.Invokers$Holder.invokeExact_MT(java.lang.Object, java.lang.Object, java.lang.Object, java.lang.Object, java.lang.Object, java.lang.Object)'> (0x000000070fe7e738) 
thrown [./open/src/hotspot/share/interpreter/linkResolver.cpp, line 782]
Event: 0.592 Thread 0x000001ce1f5fcf30 Exception <a 'java/lang/NoSuchMethodError'{0x000000070fe8f898}: 'int java.lang.invoke.DirectMethodHandle$Holder.invokeStatic(java.lang.Object, java.lang.Object, java.lang.Object, java.lang.Object, java.lang.Object)'> (0x000000070fe8f898) 
thrown [./open/src/hotspot/share/interpreter/linkResolver.cpp, line 782]
Event: 0.618 Thread 0x000001ce1f5fcf30 Exception <a 'java/lang/NoSuchMethodError'{0x000000070fd50528}: 'int java.lang.invoke.DirectMethodHandle$Holder.invokeStaticInit(java.lang.Object, java.lang.Object, java.lang.Object)'> (0x000000070fd50528) 
thrown [./open/src/hotspot/share/interpreter/linkResolver.cpp, line 782]
Event: 0.637 Thread 0x000001ce1f5fcf30 Exception <a 'java/lang/NoSuchMethodError'{0x000000070faae2f0}: 'java.lang.Object java.lang.invoke.DirectMethodHandle$Holder.newInvokeSpecial(java.lang.Object, java.lang.Object, java.lang.Object, java.lang.Object, java.lang.Object, java.lang.Object, java.lang.Object)'> (0x000000070faae2f0) 
thrown [./open/src/hotspot/share/interpreter/linkResolver.cpp, line 782]
Event: 0.637 Thread 0x000001ce1f5fcf30 Exception <a 'java/lang/NoSuchMethodError'{0x000000070fab30a8}: 'java.lang.Object java.lang.invoke.Invokers$Holder.linkToTargetMethod(java.lang.Object, java.lang.Object, java.lang.Object, java.lang.Object, java.lang.Object, java.lang.Object, java.lang.Object)'> (0x000000070fab30a8) 
thrown [./open/src/hotspot/share/interpreter/linkResolver.cpp, line 782]
Event: 0.638 Thread 0x000001ce1f5fcf30 Exception <a 'java/lang/NoSuchMethodError'{0x000000070fabecc0}: 'java.lang.Object java.lang.invoke.DirectMethodHandle$Holder.invokeInterface(java.lang.Object, java.lang.Object, java.lang.Object, java.lang.Object, java.lang.Object)'> (0x000000070fabecc0) 
thrown [./open/src/hotspot/share/interpreter/linkResolver.cpp, line 782]
Event: 0.638 Thread 0x000001ce1f5fcf30 Exception <a 'java/lang/IncompatibleClassChangeError'{0x000000070fac2cb8}: Found class java.lang.Object, but interface was expected> (0x000000070fac2cb8) 
thrown [./open/src/hotspot/share/interpreter/linkResolver.cpp, line 848]
Event: 0.853 Thread 0x000001ce1f5fcf30 Exception <a 'java/lang/NoSuchMethodError'{0x000000070efbb6b0}: 'java.lang.Object java.lang.invoke.DirectMethodHandle$Holder.invokeStaticInit(java.lang.Object, int, int, int, int)'> (0x000000070efbb6b0) 
thrown [./open/src/hotspot/share/interpreter/linkResolver.cpp, line 782]
Event: 0.855 Thread 0x000001ce1f5fcf30 Exception <a 'sun/nio/fs/WindowsException'{0x000000070efc6c58}> (0x000000070efc6c58) 
thrown [./open/src/hotspot/share/prims/jni.cpp, line 578]
Event: 0.863 Thread 0x000001ce1f5fcf30 Exception <a 'java/lang/NoSuchMethodError'{0x000000070ec20610}: 'int java.lang.invoke.DirectMethodHandle$Holder.invokeStaticInit(java.lang.Object, java.lang.Object, java.lang.Object, java.lang.Object)'> (0x000000070ec20610) 
thrown [./open/src/hotspot/share/interpreter/linkResolver.cpp, line 782]
Event: 0.863 Thread 0x000001ce1f5fcf30 Exception <a 'java/lang/IncompatibleClassChangeError'{0x000000070ec2a5a0}: Found class java.lang.Object, but interface was expected> (0x000000070ec2a5a0) 
thrown [./open/src/hotspot/share/interpreter/linkResolver.cpp, line 848]
Event: 0.864 Thread 0x000001ce1f5fcf30 Exception <a 'java/lang/NoSuchMethodError'{0x000000070ec304a0}: 'int java.lang.invoke.DirectMethodHandle$Holder.invokeStaticInit(java.lang.Object, java.lang.Object)'> (0x000000070ec304a0) 
thrown [./open/src/hotspot/share/interpreter/linkResolver.cpp, line 782]
Event: 0.953 Thread 0x000001ce1f5fcf30 Exception <a 'java/lang/NoSuchMethodError'{0x000000070e223280}: 'java.lang.Object java.lang.invoke.DirectMethodHandle$Holder.invokeStaticInit(java.lang.Object, java.lang.Object, int, int, int, int)'> (0x000000070e223280) 
thrown [./open/src/hotspot/share/interpreter/linkResolver.cpp, line 782]
Event: 1.774 Thread 0x000001ce1f5fcf30 Exception <a 'java/lang/NoSuchMethodError'{0x0000000710628be0}: 'java.lang.Object java.lang.invoke.DirectMethodHandle$Holder.invokeStatic(java.lang.Object, int, java.lang.Object)'> (0x0000000710628be0) 
thrown [./open/src/hotspot/share/interpreter/linkResolver.cpp, line 782]
Event: 1.779 Thread 0x000001ce1f5fcf30 Exception <a 'java/lang/IncompatibleClassChangeError'{0x0000000710691020}: Found class java.lang.Object, but interface was expected> (0x0000000710691020) 
thrown [./open/src/hotspot/share/interpreter/linkResolver.cpp, line 848]

Events (20 events):
Event: 627.591 Executing VM operation: GetFrameCount
Event: 627.591 Executing VM operation: GetFrameCount done
Event: 632.633 Executing VM operation: GetFrameCount
Event: 632.633 Executing VM operation: GetFrameCount done
Event: 634.274 Executing VM operation: GetFrameCount
Event: 634.274 Executing VM operation: GetFrameCount done
Event: 635.401 Executing VM operation: RedefineClasses
Event: 635.407 Executing VM operation: RedefineClasses done
Event: 635.413 Executing VM operation: ChangeBreakpoints
Event: 635.413 Executing VM operation: ChangeBreakpoints done
Event: 635.414 Executing VM operation: GetFrameCount
Event: 635.414 Executing VM operation: GetFrameCount done
Event: 635.414 Executing VM operation: GetStackTrace
Event: 635.415 Executing VM operation: GetStackTrace done
Event: 635.600 Executing VM operation: GetFrameCount
Event: 635.600 Executing VM operation: GetFrameCount done
Event: 642.228 Executing VM operation: GetFrameCount
Event: 642.228 Executing VM operation: GetFrameCount done
Event: 644.660 Executing VM operation: GetFrameLocation
Event: 644.660 Executing VM operation: GetFrameLocation done


Dynamic libraries:
0x00007ff66ba60000 - 0x00007ff66ba6d000 	C:\Users\jourc\Desktop\All\Developpement\JAVA\OpenClassrooms\sts-4.8.1.RELEASE\plugins\org.eclipse.justj.openjdk.hotspot.jre.full.win32.x86_64_15.0.0.v20201014-1246\jre\bin\javaw.exe
0x00007ff9b4770000 - 0x00007ff9b4966000 	C:\WINDOWS\SYSTEM32\ntdll.dll
0x00007ff9b44c0000 - 0x00007ff9b457d000 	C:\WINDOWS\System32\KERNEL32.DLL
0x00007ff9b2280000 - 0x00007ff9b2549000 	C:\WINDOWS\System32\KERNELBASE.dll
0x00007ff9b1eb0000 - 0x00007ff9b1fb0000 	C:\WINDOWS\System32\ucrtbase.dll
0x00007ff9a3480000 - 0x00007ff9a3498000 	C:\Users\jourc\Desktop\All\Developpement\JAVA\OpenClassrooms\sts-4.8.1.RELEASE\plugins\org.eclipse.justj.openjdk.hotspot.jre.full.win32.x86_64_15.0.0.v20201014-1246\jre\bin\jli.dll
0x00007ff9a6730000 - 0x00007ff9a6749000 	C:\Users\jourc\Desktop\All\Developpement\JAVA\OpenClassrooms\sts-4.8.1.RELEASE\plugins\org.eclipse.justj.openjdk.hotspot.jre.full.win32.x86_64_15.0.0.v20201014-1246\jre\bin\VCRUNTIME140.dll
0x00007ff9b40a0000 - 0x00007ff9b4240000 	C:\WINDOWS\System32\USER32.dll
0x00007ff9b2550000 - 0x00007ff9b2572000 	C:\WINDOWS\System32\win32u.dll
0x00007ff99dea0000 - 0x00007ff99e13b000 	C:\WINDOWS\WinSxS\amd64_microsoft.windows.common-controls_6595b64144ccf1df_6.0.19041.746_none_ca02b4b61b8320a4\COMCTL32.dll
0x00007ff9b2850000 - 0x00007ff9b287a000 	C:\WINDOWS\System32\GDI32.dll
0x00007ff9b42a0000 - 0x00007ff9b433e000 	C:\WINDOWS\System32\msvcrt.dll
0x00007ff9b20f0000 - 0x00007ff9b21fb000 	C:\WINDOWS\System32\gdi32full.dll
0x00007ff9b2580000 - 0x00007ff9b261d000 	C:\WINDOWS\System32\msvcp_win.dll
0x00007ff9b2c90000 - 0x00007ff9b2cc0000 	C:\WINDOWS\System32\IMM32.DLL
0x00007ff9ab580000 - 0x00007ff9ab58c000 	C:\Users\jourc\Desktop\All\Developpement\JAVA\OpenClassrooms\sts-4.8.1.RELEASE\plugins\org.eclipse.justj.openjdk.hotspot.jre.full.win32.x86_64_15.0.0.v20201014-1246\jre\bin\vcruntime140_1.dll
0x00007ff998ff0000 - 0x00007ff999081000 	C:\Users\jourc\Desktop\All\Developpement\JAVA\OpenClassrooms\sts-4.8.1.RELEASE\plugins\org.eclipse.justj.openjdk.hotspot.jre.full.win32.x86_64_15.0.0.v20201014-1246\jre\bin\msvcp140.dll
0x00007ff96fdb0000 - 0x00007ff97090c000 	C:\Users\jourc\Desktop\All\Developpement\JAVA\OpenClassrooms\sts-4.8.1.RELEASE\plugins\org.eclipse.justj.openjdk.hotspot.jre.full.win32.x86_64_15.0.0.v20201014-1246\jre\bin\server\jvm.dll
0x00007ff9b2cc0000 - 0x00007ff9b2d6c000 	C:\WINDOWS\System32\ADVAPI32.dll
0x00007ff9b4420000 - 0x00007ff9b44bc000 	C:\WINDOWS\System32\sechost.dll
0x00007ff9b38b0000 - 0x00007ff9b39db000 	C:\WINDOWS\System32\RPCRT4.dll
0x00007ff9b3690000 - 0x00007ff9b3698000 	C:\WINDOWS\System32\PSAPI.DLL
0x00007ff9a3700000 - 0x00007ff9a3727000 	C:\WINDOWS\SYSTEM32\WINMM.dll
0x00007ff9ab5b0000 - 0x00007ff9ab5b9000 	C:\WINDOWS\SYSTEM32\WSOCK32.dll
0x00007ff9abf90000 - 0x00007ff9abf9a000 	C:\WINDOWS\SYSTEM32\VERSION.dll
0x00007ff9b39e0000 - 0x00007ff9b3a4b000 	C:\WINDOWS\System32\WS2_32.dll
0x00007ff9afe30000 - 0x00007ff9afe42000 	C:\WINDOWS\SYSTEM32\kernel.appcore.dll
0x00007ff9ae9a0000 - 0x00007ff9ae9aa000 	C:\Users\jourc\Desktop\All\Developpement\JAVA\OpenClassrooms\sts-4.8.1.RELEASE\plugins\org.eclipse.justj.openjdk.hotspot.jre.full.win32.x86_64_15.0.0.v20201014-1246\jre\bin\jimage.dll
0x00007ff998950000 - 0x00007ff998b34000 	C:\WINDOWS\SYSTEM32\DBGHELP.DLL
0x00007ff998300000 - 0x00007ff99832c000 	C:\WINDOWS\SYSTEM32\dbgcore.DLL
0x00007ff9b2200000 - 0x00007ff9b2280000 	C:\WINDOWS\System32\bcryptPrimitives.dll
0x00007ff98c280000 - 0x00007ff98c2b9000 	C:\Users\jourc\Desktop\All\Developpement\JAVA\OpenClassrooms\sts-4.8.1.RELEASE\plugins\org.eclipse.justj.openjdk.hotspot.jre.full.win32.x86_64_15.0.0.v20201014-1246\jre\bin\jdwp.dll
0x00007ff99bd90000 - 0x00007ff99bd9e000 	C:\Users\jourc\Desktop\All\Developpement\JAVA\OpenClassrooms\sts-4.8.1.RELEASE\plugins\org.eclipse.justj.openjdk.hotspot.jre.full.win32.x86_64_15.0.0.v20201014-1246\jre\bin\instrument.dll
0x00007ff9ab5c0000 - 0x00007ff9ab5e5000 	C:\Users\jourc\Desktop\All\Developpement\JAVA\OpenClassrooms\sts-4.8.1.RELEASE\plugins\org.eclipse.justj.openjdk.hotspot.jre.full.win32.x86_64_15.0.0.v20201014-1246\jre\bin\java.dll
0x00007ff9ab590000 - 0x00007ff9ab5a8000 	C:\Users\jourc\Desktop\All\Developpement\JAVA\OpenClassrooms\sts-4.8.1.RELEASE\plugins\org.eclipse.justj.openjdk.hotspot.jre.full.win32.x86_64_15.0.0.v20201014-1246\jre\bin\zip.dll
0x00007ff9b2eb0000 - 0x00007ff9b35f3000 	C:\WINDOWS\System32\SHELL32.dll
0x00007ff9b0030000 - 0x00007ff9b07bf000 	C:\WINDOWS\SYSTEM32\windows.storage.dll
0x00007ff9b2930000 - 0x00007ff9b2c86000 	C:\WINDOWS\System32\combase.dll
0x00007ff9b1910000 - 0x00007ff9b193c000 	C:\WINDOWS\SYSTEM32\Wldp.dll
0x00007ff9b3ff0000 - 0x00007ff9b409e000 	C:\WINDOWS\System32\SHCORE.dll
0x00007ff9b3850000 - 0x00007ff9b38a5000 	C:\WINDOWS\System32\shlwapi.dll
0x00007ff9b1de0000 - 0x00007ff9b1e06000 	C:\WINDOWS\SYSTEM32\profapi.dll
0x00007ff99b000000 - 0x00007ff99b00b000 	C:\Users\jourc\Desktop\All\Developpement\JAVA\OpenClassrooms\sts-4.8.1.RELEASE\plugins\org.eclipse.justj.openjdk.hotspot.jre.full.win32.x86_64_15.0.0.v20201014-1246\jre\bin\dt_socket.dll
0x00007ff9b1330000 - 0x00007ff9b136b000 	C:\WINDOWS\SYSTEM32\IPHLPAPI.DLL
0x00007ff9b1690000 - 0x00007ff9b16fa000 	C:\WINDOWS\system32\mswsock.dll
0x00007ff9b1370000 - 0x00007ff9b143b000 	C:\WINDOWS\SYSTEM32\DNSAPI.dll
0x00007ff9b4720000 - 0x00007ff9b4728000 	C:\WINDOWS\System32\NSI.dll
0x00007ff9a9970000 - 0x00007ff9a997a000 	C:\Windows\System32\rasadhlp.dll
0x00007ff9a2390000 - 0x00007ff9a240f000 	C:\WINDOWS\System32\fwpuclnt.dll
0x00007ff9b1fb0000 - 0x00007ff9b1fd7000 	C:\WINDOWS\System32\bcrypt.dll
0x00007ff9ab3a0000 - 0x00007ff9ab3b9000 	C:\Users\jourc\Desktop\All\Developpement\JAVA\OpenClassrooms\sts-4.8.1.RELEASE\plugins\org.eclipse.justj.openjdk.hotspot.jre.full.win32.x86_64_15.0.0.v20201014-1246\jre\bin\net.dll
0x00007ff9a2520000 - 0x00007ff9a2620000 	C:\WINDOWS\SYSTEM32\WINHTTP.dll
0x00007ff9ab2e0000 - 0x00007ff9ab2f2000 	C:\Users\jourc\Desktop\All\Developpement\JAVA\OpenClassrooms\sts-4.8.1.RELEASE\plugins\org.eclipse.justj.openjdk.hotspot.jre.full.win32.x86_64_15.0.0.v20201014-1246\jre\bin\nio.dll
0x00007ff9acd70000 - 0x00007ff9acd80000 	C:\Users\jourc\Desktop\All\Developpement\JAVA\OpenClassrooms\sts-4.8.1.RELEASE\plugins\org.eclipse.justj.openjdk.hotspot.jre.full.win32.x86_64_15.0.0.v20201014-1246\jre\bin\verify.dll
0x00007ff9aae40000 - 0x00007ff9aae57000 	C:\WINDOWS\SYSTEM32\dhcpcsvc6.DLL
0x00007ff9ab930000 - 0x00007ff9ab94d000 	C:\WINDOWS\SYSTEM32\dhcpcsvc.DLL
0x00007ff9a26d0000 - 0x00007ff9a26dd000 	C:\Users\jourc\Desktop\All\Developpement\JAVA\OpenClassrooms\sts-4.8.1.RELEASE\plugins\org.eclipse.justj.openjdk.hotspot.jre.full.win32.x86_64_15.0.0.v20201014-1246\jre\bin\sunmscapi.dll
0x00007ff9b2670000 - 0x00007ff9b27c6000 	C:\WINDOWS\System32\CRYPT32.dll
0x00007ff9b1980000 - 0x00007ff9b19a7000 	C:\WINDOWS\SYSTEM32\ncrypt.dll
0x00007ff9b1940000 - 0x00007ff9b197b000 	C:\WINDOWS\SYSTEM32\NTASN1.dll
0x00007ff9b1860000 - 0x00007ff9b1878000 	C:\WINDOWS\SYSTEM32\CRYPTSP.dll
0x00007ff9b0fc0000 - 0x00007ff9b0ff4000 	C:\WINDOWS\system32\rsaenh.dll
0x00007ff9b1da0000 - 0x00007ff9b1dce000 	C:\WINDOWS\SYSTEM32\USERENV.dll
0x00007ff9b1880000 - 0x00007ff9b188c000 	C:\WINDOWS\SYSTEM32\CRYPTBASE.dll

dbghelp: loaded successfully - version: 4.0.5 - missing functions: none
symbol engine: initialized successfully - sym options: 0x614 - pdb path: .;C:\Users\jourc\Desktop\All\Developpement\JAVA\OpenClassrooms\sts-4.8.1.RELEASE\plugins\org.eclipse.justj.openjdk.hotspot.jre.full.win32.x86_64_15.0.0.v20201014-1246\jre\bin;C:\WINDOWS\SYSTEM32;C:\WINDOWS\WinSxS\amd64_microsoft.windows.common-controls_6595b64144ccf1df_6.0.19041.746_none_ca02b4b61b8320a4;C:\Users\jourc\Desktop\All\Developpement\JAVA\OpenClassrooms\sts-4.8.1.RELEASE\plugins\org.eclipse.justj.openjdk.hotspot.jre.full.win32.x86_64_15.0.0.v20201014-1246\jre\bin\server

VM Arguments:
jvm_args: -XX:+ShowCodeDetailsInExceptionMessages -agentlib:jdwp=transport=dt_socket,suspend=y,address=localhost:54701 -ea -javaagent:C:\Users\jourc\Desktop\All\Developpement\JAVA\OpenClassrooms\sts-4.8.1.RELEASE\configuration\org.eclipse.osgi\262\0\.cp\lib\javaagent-shaded.jar -Dfile.encoding=UTF-8 
java_command: org.eclipse.jdt.internal.junit.runner.RemoteTestRunner -version 3 -port 54700 -testLoaderClass org.eclipse.jdt.internal.junit5.runner.JUnit5TestLoader -loaderpluginname org.eclipse.jdt.junit5.runtime -classNames com.cjour.SafetyNetAlert.service.PersonServiceTest
java_class_path (initial): C:\Users\jourc\Desktop\All\Developpement\JAVA\OpenClassrooms\P5_jourdain_clement\SafetyNetAlertSystem\target\test-classes;C:\Users\jourc\Desktop\All\Developpement\JAVA\OpenClassrooms\P5_jourdain_clement\SafetyNetAlertSystem\target\classes;C:\Users\jourc\.m2\repository\org\springframework\boot\spring-boot-starter-web\2.4.1\spring-boot-starter-web-2.4.1.jar;C:\Users\jourc\.m2\repository\org\springframework\boot\spring-boot-starter\2.4.1\spring-boot-starter-2.4.1.jar;C:\Users\jourc\.m2\repository\org\springframework\boot\spring-boot\2.4.1\spring-boot-2.4.1.jar;C:\Users\jourc\.m2\repository\org\springframework\boot\spring-boot-autoconfigure\2.4.1\spring-boot-autoconfigure-2.4.1.jar;C:\Users\jourc\.m2\repository\org\springframework\boot\spring-boot-starter-logging\2.4.1\spring-boot-starter-logging-2.4.1.jar;C:\Users\jourc\.m2\repository\ch\qos\logback\logback-classic\1.2.3\logback-classic-1.2.3.jar;C:\Users\jourc\.m2\repository\ch\qos\logback\logback-core\1.2.3\logback-core-1.2.3.jar;C:\Users\jourc\.m2\repository\org\apache\logging\log4j\log4j-to-slf4j\2.13.3\log4j-to-slf4j-2.13.3.jar;C:\Users\jourc\.m2\repository\org\apache\logging\log4j\log4j-api\2.13.3\log4j-api-2.13.3.jar;C:\Users\jourc\.m2\repository\org\slf4j\jul-to-slf4j\1.7.30\jul-to-slf4j-1.7.30.jar;C:\Users\jourc\.m2\repository\jakarta\annotation\jakarta.annotation-api\1.3.5\jakarta.annotation-api-1.3.5.jar;C:\Users\jourc\.m2\repository\org\yaml\snakeyaml\1.27\snakeyaml-1.27.jar;C:\Users\jourc\.m2\repository\org\springframework\boot\spring-boot-starter-json\2.4.1\spring-boot-starter-json-2.4.1.jar;C:\Users\jourc\.m2\repository\com\fasterxml\jackson\datatype\jackson-datatype-jdk8\2.11.3\jackson-datatype-jdk8-2.11.3.jar;C:\Users\jourc\.m2\repository\com\fasterxml\jackson\datatype\jackson-datatype-jsr310\2.11.3\jackson-datatype-jsr310-2.11.3.jar;C:\Users\jourc\.m2\repository\com\fasterxml\jackson\module\jackson-module-parameter-names\2.11.3\jackson-module-parameter-names-2.11.3.jar;C:\
Launcher Type: SUN_STANDARD

[Global flags]
     intx CICompilerCount                          = 4                                         {product} {ergonomic}
     uint ConcGCThreads                            = 3                                         {product} {ergonomic}
     uint G1ConcRefinementThreads                  = 10                                        {product} {ergonomic}
   size_t G1HeapRegionSize                         = 2097152                                   {product} {ergonomic}
    uintx GCDrainStackTargetSize                   = 64                                        {product} {ergonomic}
   size_t InitialHeapSize                          = 268435456                                 {product} {ergonomic}
   size_t MarkStackSize                            = 4194304                                   {product} {ergonomic}
   size_t MaxHeapSize                              = 4286578688                                {product} {ergonomic}
   size_t MaxNewSize                               = 2571108352                                {product} {ergonomic}
   size_t MinHeapDeltaBytes                        = 2097152                                   {product} {ergonomic}
   size_t MinHeapSize                              = 8388608                                   {product} {ergonomic}
    uintx NonNMethodCodeHeapSize                   = 5839372                                {pd product} {ergonomic}
    uintx NonProfiledCodeHeapSize                  = 122909434                              {pd product} {ergonomic}
    uintx ProfiledCodeHeapSize                     = 122909434                              {pd product} {ergonomic}
    uintx ReservedCodeCacheSize                    = 251658240                              {pd product} {ergonomic}
     bool SegmentedCodeCache                       = true                                      {product} {ergonomic}
     bool ShowCodeDetailsInExceptionMessages       = true                                   {manageable} {command line}
   size_t SoftMaxHeapSize                          = 4286578688                             {manageable} {ergonomic}
     bool UseCompressedClassPointers               = true                                 {lp64_product} {ergonomic}
     bool UseCompressedOops                        = true                                 {lp64_product} {ergonomic}
     bool UseG1GC                                  = true                                      {product} {ergonomic}
     bool UseLargePagesIndividualAllocation        = false                                  {pd product} {ergonomic}

Logging:
Log output configuration:
 #0: stdout all=warning uptime,level,tags
 #1: stderr all=off uptime,level,tags

Environment Variables:
JAVA_HOME=C:\Program Files (x86)\Java\jdk-12.0.1
PATH=C:\Users\jourc\Desktop\All\Developpement\JAVA\OpenClassrooms\sts-4.8.1.RELEASE\plugins\org.eclipse.justj.openjdk.hotspot.jre.full.win32.x86_64_15.0.0.v20201014-1246\jre\bin;C:/Users/jourc/Desktop/All/Developpement/JAVA/OpenClassrooms/sts-4.8.1.RELEASE//plugins/org.eclipse.justj.openjdk.hotspot.jre.full.win32.x86_64_15.0.0.v20201014-1246/jre/bin/server;C:/Users/jourc/Desktop/All/Developpement/JAVA/OpenClassrooms/sts-4.8.1.RELEASE//plugins/org.eclipse.justj.openjdk.hotspot.jre.full.win32.x86_64_15.0.0.v20201014-1246/jre/bin;C:\Program Files\AdoptOpenJDK\jdk-8.0.252.09-hotspot\bin;C:\Program Files (x86)\NVIDIA Corporation\PhysX\Common;C:\WINDOWS\system32;C:\WINDOWS;C:\WINDOWS\System32\Wbem;C:\WINDOWS\System32\WindowsPowerShell\v1.0\;C:\WINDOWS\System32\OpenSSH\;C:\Program Files\Git\cmd;C:\ProgramData\ComposerSetup\bin;C:\wamp64\bin\php\php7.4.0;C:\Program Files\nodejs\;C:\Users\jourc\AppData\Local\Android\Sdk\tools;C:\apache-maven-3.6.3\bin;C:\Program Files\MySQL\MySQL Shell 8.0\bin\;C:\Users\jourc\.gradle\wrapper\dists\gradle-6.1.1-all\cfmwm155h49vnt3hynmlrsdst\gradle-6.1.1\bin;C:\Users\jourc\AppData\Local\Microsoft\WindowsApps;C:\Users\jourc\AppData\Local\Programs\Microsoft VS Code\bin;C:\Program Files (x86)\apache-maven-3.6.3\bin;;C:\Users\jourc\Desktop\All\Developpement\JAVA\OpenClassrooms\sts-4.8.1.RELEASE;
USERNAME=jourc
OS=Windows_NT
PROCESSOR_IDENTIFIER=Intel64 Family 6 Model 158 Stepping 10, GenuineIntel



---------------  S Y S T E M  ---------------

OS:
 Windows 10 , 64 bit Build 19041 (10.0.19041.662)
OS uptime: 10 days 0:10 hours

CPU: total 12 (initial active 12) (6 cores per cpu, 2 threads per core) family 6 model 158 stepping 10, cmov, cx8, fxsr, mmx, sse, sse2, sse3, ssse3, sse4.1, sse4.2, popcnt, vzeroupper, avx, avx2, aes, clmul, erms, rtm, 3dnowpref, lzcnt, ht, tsc, tscinvbit, bmi1, bmi2, adx, fma, clflush, clflushopt

Memory: 4k page, system-wide physical 16344M (8335M free)
TotalPageFile size 18776M (AvailPageFile size 5230M)
current process WorkingSet (physical memory assigned to process): 110M, peak: 204M
current process commit charge ("private bytes"): 159M, peak: 462M

vm_info: OpenJDK 64-Bit Server VM (15+36-1562) for windows-amd64 JRE (15+36-1562), built on Aug 11 2020 22:33:04 by "mach5one" with unknown MS VC++:1925

END.
